Determining if the pthread_create exist failed with the following output:
Change Dir: /home/ares/Developer/speed-dream-2.0/speed/CMakeFiles/CMakeTmp

Run Build Command:/usr/bin/gmake "cmTryCompileExec2889601626/fast"
/usr/bin/gmake -f CMakeFiles/cmTryCompileExec2889601626.dir/build.make CMakeFiles/cmTryCompileExec2889601626.dir/build
gmake[1]: Entering directory `/home/ares/Developer/speed-dream-2.0/speed/CMakeFiles/CMakeTmp'
/usr/bin/cmake -E cmake_progress_report /home/ares/Developer/speed-dream-2.0/speed/CMakeFiles/CMakeTmp/CMakeFiles 1
Building C object CMakeFiles/cmTryCompileExec2889601626.dir/CheckSymbolExists.c.o
/usr/bin/gcc   -Wall -Wextra -Wno-unused-parameter -Wno-missing-field-initializers     -o CMakeFiles/cmTryCompileExec2889601626.dir/CheckSymbolExists.c.o   -c /home/ares/Developer/speed-dream-2.0/speed/CMakeFiles/CMakeTmp/CheckSymbolExists.c
Linking C executable cmTryCompileExec2889601626
/usr/bin/cmake -E cmake_link_script CMakeFiles/cmTryCompileExec2889601626.dir/link.txt --verbose=1
/usr/bin/gcc    -Wall -Wextra -Wno-unused-parameter -Wno-missing-field-initializers      CMakeFiles/cmTryCompileExec2889601626.dir/CheckSymbolExists.c.o  -o cmTryCompileExec2889601626 -rdynamic 
CMakeFiles/cmTryCompileExec2889601626.dir/CheckSymbolExists.c.o:CheckSymbolExists.c:function main: error: undefined reference to 'pthread_create'
collect2: error: ld returned 1 exit status
gmake[1]: *** [cmTryCompileExec2889601626] Error 1
gmake[1]: Leaving directory `/home/ares/Developer/speed-dream-2.0/speed/CMakeFiles/CMakeTmp'
gmake: *** [cmTryCompileExec2889601626/fast] Error 2

File /home/ares/Developer/speed-dream-2.0/speed/CMakeFiles/CMakeTmp/CheckSymbolExists.c:
/* */
#include <pthread.h>

int main(int argc, char** argv)
{
  (void)argv;
#ifndef pthread_create
  return ((int*)(&pthread_create))[argc];
#else
  (void)argc;
  return 0;
#endif
}

Determining if the function pthread_create exists in the pthreads failed with the following output:
Change Dir: /home/ares/Developer/speed-dream-2.0/speed/CMakeFiles/CMakeTmp

Run Build Command:/usr/bin/gmake "cmTryCompileExec2160256231/fast"
/usr/bin/gmake -f CMakeFiles/cmTryCompileExec2160256231.dir/build.make CMakeFiles/cmTryCompileExec2160256231.dir/build
gmake[1]: Entering directory `/home/ares/Developer/speed-dream-2.0/speed/CMakeFiles/CMakeTmp'
/usr/bin/cmake -E cmake_progress_report /home/ares/Developer/speed-dream-2.0/speed/CMakeFiles/CMakeTmp/CMakeFiles 1
Building C object CMakeFiles/cmTryCompileExec2160256231.dir/CheckFunctionExists.c.o
/usr/bin/gcc   -Wall -Wextra -Wno-unused-parameter -Wno-missing-field-initializers  -DCHECK_FUNCTION_EXISTS=pthread_create   -o CMakeFiles/cmTryCompileExec2160256231.dir/CheckFunctionExists.c.o   -c /usr/share/cmake-2.8/Modules/CheckFunctionExists.c
Linking C executable cmTryCompileExec2160256231
/usr/bin/cmake -E cmake_link_script CMakeFiles/cmTryCompileExec2160256231.dir/link.txt --verbose=1
/usr/bin/gcc    -Wall -Wextra -Wno-unused-parameter -Wno-missing-field-initializers  -DCHECK_FUNCTION_EXISTS=pthread_create    CMakeFiles/cmTryCompileExec2160256231.dir/CheckFunctionExists.c.o  -o cmTryCompileExec2160256231 -rdynamic -lpthreads 
/usr/bin/ld: error: cannot find -lpthreads
CMakeFiles/cmTryCompileExec2160256231.dir/CheckFunctionExists.c.o:CheckFunctionExists.c:function main: error: undefined reference to 'pthread_create'
collect2: error: ld returned 1 exit status
gmake[1]: *** [cmTryCompileExec2160256231] Error 1
gmake[1]: Leaving directory `/home/ares/Developer/speed-dream-2.0/speed/CMakeFiles/CMakeTmp'
gmake: *** [cmTryCompileExec2160256231/fast] Error 2


